Agent 18 consolidated question generation (v2)
Started: 2026-05-15T22:35:55.710Z
Flags: {"resume":false,"preview":false,"runAudit":true}

=== Phase 1: Consolidated question generation ===
Audit gate: ENABLED
Fetching detail questions...
Fetched 3615 detail rows.
Grouped into 440 unique (framework, control_id) pairs.
[1/440] ISO_27001_2022:A.8.13 (10 detail qs)
  attempt 1 PASS
  OK ISO_27001_2022:A.8.13 (attempts 1)
[2/440] ISO_27001_2022:A.8.30 (7 detail qs)
  attempt 1 PASS
  OK ISO_27001_2022:A.8.30 (attempts 1)
[3/440] ISO_27001_2022:A.5.28 (9 detail qs)
  attempt 1 PASS
  OK ISO_27001_2022:A.5.28 (attempts 1)
[4/440] ISO_27001_2022:A.7.3 (10 detail qs)
  attempt 1 AUDIT FAIL: American spelling: 'organisation' appears in the consolidated question instead of Australian English 'organisation'... wait, that IS Australian English. Let me recheck... 'unauthorised' is correctly Australian English. No American spellings found.; Coverage gap: The maturity levels don't address several critical themes from the detail questions - visitor/contractor management, HR integration for access deprovisioning, staff training, risk assessments, and metrics analysis are all missing from the maturity descriptions.
  attempt 2 PASS
  OK ISO_27001_2022:A.7.3 (attempts 2)
[5/440] NIST_CSF_2.0:PR.IR-04 (9 detail qs)
  attempt 1 PASS
  OK NIST_CSF_2.0:PR.IR-04 (attempts 1)
[6/440] ISO_27001_2022:A.8.23 (9 detail qs)
  attempt 1 audit parse failed, proceeding
  attempt 1 PASS
  OK ISO_27001_2022:A.8.23 (attempts 1)
[7/440] ISO_27001_2022:A.7.5 (9 detail qs)
  attempt 1 audit parse failed, proceeding
  attempt 1 PASS
  OK ISO_27001_2022:A.7.5 (attempts 1)
[8/440] ISO_27001_2022:A.5.29 (8 detail qs)
  attempt 1 REJECTED: banned phrase /\bdoes your organi[sz]ation maintain\b/i
  attempt 2 PASS
  OK ISO_27001_2022:A.5.29 (attempts 2)
[9/440] ISO_27001_2022:A.5.25 (8 detail qs)
  attempt 1 PASS
  OK ISO_27001_2022:A.5.25 (attempts 1)
[10/440] ISO_27001_2022:A.5.33 (8 detail qs)
  attempt 1 PASS
  OK ISO_27001_2022:A.5.33 (attempts 1)
[11/440] ISO_27001_2022:A.5.7 (8 detail qs)
  attempt 1 AUDIT FAIL: American spelling: 'organisation' appears in the consolidated question instead of Australian 'organisation'; American spelling: 'analyse' appears in the Yes level instead of Australian 'analyze'
  attempt 2 audit parse failed, proceeding
  attempt 2 PASS
  OK ISO_27001_2022:A.5.7 (attempts 2)
[12/440] ISO_27001_2022:A.5.23 (9 detail qs)
  attempt 1 PASS
  OK ISO_27001_2022:A.5.23 (attempts 1)
[13/440] ISO_27001_2022:A.5.1 (9 detail qs)
  attempt 1 PASS
  OK ISO_27001_2022:A.5.1 (attempts 1)
[14/440] ISO_27001_2022:C.9.3.1 (8 detail qs)
  attempt 1 audit parse failed, proceeding
  attempt 1 PASS
  OK ISO_27001_2022:C.9.3.1 (attempts 1)
[15/440] ISO_27001_2022:C.9.2.1 (9 detail qs)
  attempt 1 AUDIT FAIL: American spelling: 'organisation' appears in the consolidated question - should be 'organization' in Australian English
  attempt 2 AUDIT FAIL: American spelling 'organisation' appears in the consolidated question - should be 'organization' in Australian English
  attempt 3 audit parse failed, proceeding
  attempt 3 PASS
  OK ISO_27001_2022:C.9.2.1 (attempts 3)
[16/440] ISO_27001_2022:A.8.26 (8 detail qs)
  attempt 1 PASS
  OK ISO_27001_2022:A.8.26 (attempts 1)
[17/440] ISO_27001_2022:A.8.11 (8 detail qs)
  attempt 1 PASS
  OK ISO_27001_2022:A.8.11 (attempts 1)
[18/440] ISO_27001_2022:C.10.1 (8 detail qs)
  attempt 1 audit parse failed, proceeding
  attempt 1 PASS
  OK ISO_27001_2022:C.10.1 (attempts 1)
[19/440] ISO_27001_2022:A.8.2 (10 detail qs)
  attempt 1 audit parse failed, proceeding
  attempt 1 PASS
  OK ISO_27001_2022:A.8.2 (attempts 1)
[20/440] ISO_27001_2022:A.8.34 (7 detail qs)
  attempt 1 PASS
  OK ISO_27001_2022:A.8.34 (attempts 1)
[21/440] ISO_27001_2022:A.5.9 (10 detail qs)
  attempt 1 audit parse failed, proceeding
  attempt 1 PASS
  OK ISO_27001_2022:A.5.9 (attempts 1)
[22/440] ISO_27001_2022:A.8.22 (9 detail qs)
  attempt 1 audit parse failed, proceeding
  attempt 1 PASS
  OK ISO_27001_2022:A.8.22 (attempts 1)
[23/440] ISO_27001_2022:A.8.28 (9 detail qs)
  attempt 1 audit parse failed, proceeding
  attempt 1 PASS
  OK ISO_27001_2022:A.8.28 (attempts 1)
[24/440] ISO_27001_2022:A.5.4 (8 detail qs)
  attempt 1 PASS
  OK ISO_27001_2022:A.5.4 (attempts 1)
[25/440] ISO_27001_2022:C.6.1.2 (9 detail qs)
  attempt 1 audit parse failed, proceeding
  attempt 1 PASS
  OK ISO_27001_2022:C.6.1.2 (attempts 1)
[26/440] ISO_27001_2022:A.7.13 (9 detail qs)
  attempt 1 audit parse failed, proceeding
  attempt 1 PASS
  OK ISO_27001_2022:A.7.13 (attempts 1)
[27/440] ISO_27001_2022:A.8.21 (9 detail qs)
  attempt 1 PASS
  OK ISO_27001_2022:A.8.21 (attempts 1)
[28/440] ISO_27001_2022:A.8.9 (8 detail qs)
  attempt 1 audit parse failed, proceeding
  attempt 1 PASS
  OK ISO_27001_2022:A.8.9 (attempts 1)
[29/440] ISO_27001_2022:A.6.1 (9 detail qs)
  attempt 1 PASS
  OK ISO_27001_2022:A.6.1 (attempts 1)
[30/440] ISO_27001_2022:A.5.5 (9 detail qs)
  attempt 1 audit parse failed, proceeding
  attempt 1 PASS
  OK ISO_27001_2022:A.5.5 (attempts 1)
[31/440] ISO_27001_2022:A.8.27 (9 detail qs)
  attempt 1 PASS
  OK ISO_27001_2022:A.8.27 (attempts 1)
[32/440] ISO_27001_2022:C.6.3 (8 detail qs)
  attempt 1 PASS
  OK ISO_27001_2022:C.6.3 (attempts 1)
[33/440] ISO_27001_2022:C.7.5.2 (9 detail qs)
  attempt 1 audit parse failed, proceeding
  attempt 1 PASS
  OK ISO_27001_2022:C.7.5.2 (attempts 1)
[34/440] ISO_27001_2022:C.6.2 (8 detail qs)
  attempt 1 AUDIT FAIL: American spelling 'organisation' appears in the consolidated question - should be 'organization' in Australian English
  attempt 2 audit parse failed, proceeding
  attempt 2 PASS
  OK ISO_27001_2022:C.6.2 (attempts 2)
[35/440] ISO_27001_2022:A.8.32 (9 detail qs)
  attempt 1 PASS
  OK ISO_27001_2022:A.8.32 (attempts 1)
[36/440] ISO_27001_2022:A.7.8 (10 detail qs)
  attempt 1 PASS
  OK ISO_27001_2022:A.7.8 (attempts 1)
[37/440] ISO_27001_2022:A.7.14 (8 detail qs)
  attempt 1 PASS
  OK ISO_27001_2022:A.7.14 (attempts 1)
[38/440] ISO_27001_2022:A.8.14 (8 detail qs)
  attempt 1 PASS
  OK ISO_27001_2022:A.8.14 (attempts 1)
[39/440] ISO_27001_2022:C.6.1.1 (9 detail qs)
  attempt 1 PASS
  OK ISO_27001_2022:C.6.1.1 (attempts 1)
[40/440] ISO_27001_2022:C.7.5.1 (9 detail qs)
  attempt 1 audit parse failed, proceeding
  attempt 1 PASS
  OK ISO_27001_2022:C.7.5.1 (attempts 1)
[41/440] ISO_27001_2022:C.8.1 (8 detail qs)
  attempt 1 REJECTED: missing 1 detail mappings
  attempt 2 PASS
  OK ISO_27001_2022:C.8.1 (attempts 2)
[42/440] ISO_27001_2022:C.7.3 (10 detail qs)
  attempt 1 PASS
  OK ISO_27001_2022:C.7.3 (attempts 1)
[43/440] ISO_27001_2022:A.7.2 (8 detail qs)
  attempt 1 PASS
  OK ISO_27001_2022:A.7.2 (attempts 1)
[44/440] ISO_27001_2022:A.8.17 (7 detail qs)
  attempt 1 PASS
  OK ISO_27001_2022:A.8.17 (attempts 1)
[45/440] ISO_27001_2022:A.6.8 (7 detail qs)
  attempt 1 audit parse failed, proceeding
  attempt 1 PASS
  OK ISO_27001_2022:A.6.8 (attempts 1)
[46/440] NIST_CSF_2.0:ID.RA-08 (9 detail qs)
  attempt 1 audit parse failed, proceeding
  attempt 1 PASS
  OK NIST_CSF_2.0:ID.RA-08 (attempts 1)
[47/440] ISO_27001_2022:A.8.8 (9 detail qs)
  attempt 1 audit parse failed, proceeding
  attempt 1 PASS
  OK ISO_27001_2022:A.8.8 (attempts 1)
[48/440] ISO_27001_2022:C.4.3 (8 detail qs)
  attempt 1 PASS
  OK ISO_27001_2022:C.4.3 (attempts 1)
[49/440] ISO_27001_2022:C.6.1.3 (10 detail qs)
  attempt 1 audit parse failed, proceeding
  attempt 1 PASS
  OK ISO_27001_2022:C.6.1.3 (attempts 1)
[50/440] ISO_27001_2022:A.5.3 (9 detail qs)
  attempt 1 audit parse failed, proceeding
  attempt 1 PASS
  OK ISO_27001_2022:A.5.3 (attempts 1)
[51/440] ISO_27001_2022:A.8.12 (9 detail qs)
  attempt 1 audit parse failed, proceeding
  attempt 1 PASS
  OK ISO_27001_2022:A.8.12 (attempts 1)
[52/440] ISO_27001_2022:C.7.1 (8 detail qs)
  attempt 1 PASS
  OK ISO_27001_2022:C.7.1 (attempts 1)
[53/440] ISO_27001_2022:A.8.10 (10 detail qs)
  attempt 1 AUDIT FAIL: American spelling 'organisation' appears in the consolidated question instead of Australian 'organisation'
  attempt 2 PASS
  OK ISO_27001_2022:A.8.10 (attempts 2)
[54/440] ISO_27001_2022:A.5.21 (8 detail qs)
  attempt 1 PASS
  OK ISO_27001_2022:A.5.21 (attempts 1)
[55/440] ISO_27001_2022:A.7.7 (8 detail qs)
  attempt 1 AUDIT FAIL: American spelling 'organisation' appears in the consolidated question - should be 'organisation' in Australian English... wait, that IS Australian English; Actually reviewing text: 'organisation' is correct Australian English spelling; Re-examining: No American spellings found - 'organisation' is Australian English; Coverage issue: Missing secure printing and automated monitoring themes from detail questions 6 and 8
  attempt 2 PASS
  OK ISO_27001_2022:A.7.7 (attempts 2)
[56/440] ISO_27001_2022:A.5.35 (8 detail qs)
  attempt 1 PASS
  OK ISO_27001_2022:A.5.35 (attempts 1)
[57/440] ISO_27001_2022:C.7.5.3 (9 detail qs)
  attempt 1 REJECTED: missing 1 detail mappings
  attempt 2 REJECTED: missing 1 detail mappings
  attempt 3 REJECTED: missing 1 detail mappings
  FAIL ISO_27001_2022:C.7.5.3
[58/440] ISO_27001_2022:A.5.19 (8 detail qs)
  attempt 1 audit parse failed, proceeding
  attempt 1 PASS
  OK ISO_27001_2022:A.5.19 (attempts 1)
[59/440] ISO_27001_2022:C.7.2 (8 detail qs)
  attempt 1 PASS
  OK ISO_27001_2022:C.7.2 (attempts 1)
[60/440] NIST_CSF_2.0:DE.CM-01 (9 detail qs)
  attempt 1 PASS
  OK NIST_CSF_2.0:DE.CM-01 (attempts 1)
[61/440] ISO_27001_2022:A.8.5 (9 detail qs)
  attempt 1 PASS
  OK ISO_27001_2022:A.8.5 (attempts 1)
[62/440] ISO_27001_2022:A.8.25 (9 detail qs)
  attempt 1 PASS
  OK ISO_27001_2022:A.8.25 (attempts 1)
[63/440] ISO_27001_2022:C.5.1 (8 detail qs)
  attempt 1 PASS
  OK ISO_27001_2022:C.5.1 (attempts 1)
[64/440] ISO_27001_2022:A.5.10 (8 detail qs)
  attempt 1 audit parse failed, proceeding
  attempt 1 PASS
  OK ISO_27001_2022:A.5.10 (attempts 1)
[65/440] ISO_27001_2022:A.5.37 (9 detail qs)
  attempt 1 PASS
  OK ISO_27001_2022:A.5.37 (attempts 1)
[66/440] ISO_27001_2022:C.4.1 (8 detail qs)
  attempt 1 audit parse failed, proceeding
  attempt 1 PASS
  OK ISO_27001_2022:C.4.1 (attempts 1)
[67/440] ISO_27001_2022:A.5.32 (8 detail qs)
  attempt 1 audit parse failed, proceeding
  attempt 1 PASS
  OK ISO_27001_2022:A.5.32 (attempts 1)
[68/440] ISO_27001_2022:A.8.6 (9 detail qs)
  attempt 1 AUDIT FAIL: American spelling 'organisation' appears in the consolidated_prompt - should be 'organisation' which is actually correct Australian English, but 'optimize' appears in the Yes level maturity description - should be 'optimise'
  attempt 2 audit parse failed, proceeding
  attempt 2 PASS
  OK ISO_27001_2022:A.8.6 (attempts 2)
[69/440] ISO_27001_2022:A.8.3 (8 detail qs)
  attempt 1 audit parse failed, proceeding
  attempt 1 PASS
  OK ISO_27001_2022:A.8.3 (attempts 1)
[70/440] ISO_27001_2022:A.5.20 (9 detail qs)
  attempt 1 PASS
  OK ISO_27001_2022:A.5.20 (attempts 1)
[71/440] ISO_27001_2022:C.5.3 (7 detail qs)
  attempt 1 audit parse failed, proceeding
  attempt 1 PASS
  OK ISO_27001_2022:C.5.3 (attempts 1)
[72/440] ISO_27001_2022:A.5.30 (9 detail qs)
  attempt 1 audit parse failed, proceeding
  attempt 1 PASS
  OK ISO_27001_2022:A.5.30 (attempts 1)
[73/440] ISO_27001_2022:A.6.3 (9 detail qs)
  attempt 1 audit parse failed, proceeding
  attempt 1 PASS
  OK ISO_27001_2022:A.6.3 (attempts 1)
[74/440] NIST_CSF_2.0:PR.PS-02 (9 detail qs)
  attempt 1 audit parse failed, proceeding
  attempt 1 PASS
  OK NIST_CSF_2.0:PR.PS-02 (attempts 1)
[75/440] ISO_27001_2022:A.5.11 (8 detail qs)
  attempt 1 audit parse failed, proceeding
  attempt 1 PASS
  OK ISO_27001_2022:A.5.11 (attempts 1)
[76/440] ISO_27001_2022:A.8.18 (9 detail qs)
  attempt 1 PASS
  OK ISO_27001_2022:A.8.18 (attempts 1)
[77/440] ISO_27001_2022:A.5.12 (9 detail qs)
  attempt 1 audit parse failed, proceeding
  attempt 1 PASS
  OK ISO_27001_2022:A.5.12 (attempts 1)
[78/440] ISO_27001_2022:C.10.2 (8 detail qs)
  attempt 1 PASS
  OK ISO_27001_2022:C.10.2 (attempts 1)
[79/440] ISO_27001_2022:A.5.6 (7 detail qs)
  attempt 1 audit parse failed, proceeding
  attempt 1 PASS
  OK ISO_27001_2022:A.5.6 (attempts 1)
[80/440] ISO_27001_2022:A.8.4 (9 detail qs)
  attempt 1 audit parse failed, proceeding
  attempt 1 PASS
  OK ISO_27001_2022:A.8.4 (attempts 1)
[81/440] ISO_27001_2022:A.5.31 (9 detail qs)
  attempt 1 audit parse failed, proceeding
  attempt 1 PASS
  OK ISO_27001_2022:A.5.31 (attempts 1)
[82/440] ISO_27001_2022:A.8.16 (8 detail qs)
  attempt 1 AUDIT FAIL: American spelling 'behavior' appears in consolidated question; American spelling 'customised' should be 'customized' in Yes level; American spelling 'behavioral' appears in rationale
  attempt 2 AUDIT FAIL: American spelling 'behavior' appears in consolidated question; American spelling 'customized' appears twice in maturity levels (Yes level)
  attempt 3 audit parse failed, proceeding
  attempt 3 PASS
  OK ISO_27001_2022:A.8.16 (attempts 3)
[83/440] ISO_27001_2022:C.5.2 (8 detail qs)
  attempt 1 PASS
  OK ISO_27001_2022:C.5.2 (attempts 1)
[84/440] ISO_27001_2022:A.5.36 (8 detail qs)
  attempt 1 audit parse failed, proceeding
  attempt 1 PASS
  OK ISO_27001_2022:A.5.36 (attempts 1)
[85/440] ISO_27001_2022:A.8.19 (8 detail qs)
  attempt 1 AUDIT FAIL: American spelling: 'organisation' appears in the consolidated question - should be 'organisation' (wait, that IS Australian spelling); Actually reviewing again - 'organisation' is correct Australian spelling, 'unauthorized' appears twice in maturity levels and should be 'unauthorised'
  attempt 2 PASS
  OK ISO_27001_2022:A.8.19 (attempts 2)
[86/440] ISO_27001_2022:A.5.26 (10 detail qs)
  attempt 1 audit parse failed, proceeding
  attempt 1 PASS
  OK ISO_27001_2022:A.5.26 (attempts 1)
[87/440] ISO_27001_2022:A.5.16 (9 detail qs)
  attempt 1 audit parse failed, proceeding
  attempt 1 PASS
  OK ISO_27001_2022:A.5.16 (attempts 1)
[88/440] ISO_27001_2022:C.4.4 (9 detail qs)
  attempt 1 audit parse failed, proceeding
  attempt 1 PASS
  OK ISO_27001_2022:C.4.4 (attempts 1)
[89/440] PCI_DSS:PCI_DSS_9.1 (7 detail qs)
  attempt 1 PASS
  OK PCI_DSS:PCI_DSS_9.1 (attempts 1)
[90/440] ISO_27001_2022:A.7.10 (10 detail qs)
  attempt 1 PASS
  OK ISO_27001_2022:A.7.10 (attempts 1)
[91/440] ISO_27001_2022:A.6.5 (10 detail qs)
  attempt 1 AUDIT FAIL: American spelling 'organisation' appears in consolidated question - should be 'organisation' in Australian English; Coverage gap: maturity levels don't address ongoing post-termination obligations theme which is central to several detail questions (1, 2, 6) - they focus only on immediate offboarding processes
  attempt 2 AUDIT FAIL: American spelling 'organisation' appears in consolidated_prompt - should be 'organisation' in Australian English
  attempt 3 audit parse failed, proceeding
  attempt 3 PASS
  OK ISO_27001_2022:A.6.5 (attempts 3)
[92/440] ISO_27001_2022:A.5.27 (9 detail qs)
  attempt 1 audit parse failed, proceeding
  attempt 1 PASS
  OK ISO_27001_2022:A.5.27 (attempts 1)
[93/440] ISO_27001_2022:C.9.3.2 (7 detail qs)
  attempt 1 AUDIT FAIL: American spelling 'organisation' appears in consolidated question - should be 'organisation' in Australian English; American spelling 'organization' appears in detail question 1 - should be 'organisation' in Australian English
  attempt 2 PASS
  OK ISO_27001_2022:C.9.3.2 (attempts 2)
[94/440] ISO_27001_2022:A.8.31 (8 detail qs)
  attempt 1 PASS
  OK ISO_27001_2022:A.8.31 (attempts 1)
[95/440] ISO_27001_2022:C.4.2 (7 detail qs)
  attempt 1 PASS
  OK ISO_27001_2022:C.4.2 (attempts 1)
[96/440] ISO_27001_2022:A.8.15 (10 detail qs)
  attempt 1 AUDIT FAIL: American spelling 'organisation' appears in the consolidated question - should be 'organization' in Australian English
